build/app/intermediates/manifest_merge_blame_file/release/manifest-merger-blame-release-report.txt
1<?xml version="1.0" encoding="utf-8"?>
2<manifest xmlns:android="http://schemas.android.com/apk/res/android"
3    package="com.example.nwes_app"
4    android:versionCode="1"
5    android:versionName="1.0.0" >
6
7    <uses-sdk
8        android:minSdkVersion="16"
8-->src\main\AndroidManifest.xml
9        android:targetSdkVersion="30" />
9-->src\main\AndroidManifest.xml
10
11    <uses-permission android:name="android.permission.INTERNET" />
11-->src\main\AndroidManifest.xml:3:5-67
11-->src\main\AndroidManifest.xml:3:22-64
12
13    <application
13-->src\main\AndroidManifest.xml:4:4-41:19
14        android:appComponentFactory="androidx.core.app.CoreComponentFactory"
14-->[androidx.core:core:1.1.0] AndroidManifest.xml:24:18-86
15        android:icon="@mipmap/ic_launcher"
15-->src\main\AndroidManifest.xml:6:9-43
16        android:label="nwes_app" >
16-->src\main\AndroidManifest.xml:5:9-33
17        <activity
17-->src\main\AndroidManifest.xml:7:9-35:20
18            android:name="com.example.nwes_app.MainActivity"
18-->src\main\AndroidManifest.xml:8:13-41
19            android:configChanges="orientation|keyboardHidden|keyboard|screenSize|smallestScreenSize|locale|layoutDirection|fontScale|screenLayout|density|uiMode"
19-->src\main\AndroidManifest.xml:11:13-163
20            android:hardwareAccelerated="true"
20-->src\main\AndroidManifest.xml:12:13-47
21            android:launchMode="singleTop"
21-->src\main\AndroidManifest.xml:9:13-43
22            android:theme="@style/LaunchTheme"
22-->src\main\AndroidManifest.xml:10:13-47
23            android:windowSoftInputMode="adjustResize" >
23-->src\main\AndroidManifest.xml:13:13-55
24
25            <!--
26                 Specifies an Android theme to apply to this Activity as soon as
27                 the Android process has started. This theme is visible to the user
28                 while the Flutter UI initializes. After that, this theme continues
29                 to determine the Window background behind the Flutter UI.
30            -->
31            <meta-data
31-->src\main\AndroidManifest.xml:18:13-21:17
32                android:name="io.flutter.embedding.android.NormalTheme"
32-->src\main\AndroidManifest.xml:19:15-70
33                android:resource="@style/NormalTheme" />
33-->src\main\AndroidManifest.xml:20:15-52
34            <!--
35                 Displays an Android View that continues showing the launch screen
36                 Drawable until Flutter paints its first frame, then this splash
37                 screen fades out. A splash screen is useful to avoid any visual
38                 gap between the end of Android's launch screen and the painting of
39                 Flutter's first frame.
40            -->
41            <meta-data
41-->src\main\AndroidManifest.xml:27:13-30:17
42                android:name="io.flutter.embedding.android.SplashScreenDrawable"
42-->src\main\AndroidManifest.xml:28:15-79
43                android:resource="@drawable/launch_background" />
43-->src\main\AndroidManifest.xml:29:15-61
44
45            <intent-filter>
45-->src\main\AndroidManifest.xml:31:13-34:29
46                <action android:name="android.intent.action.MAIN" />
46-->src\main\AndroidManifest.xml:32:17-68
46-->src\main\AndroidManifest.xml:32:25-66
47
48                <category android:name="android.intent.category.LAUNCHER" />
48-->src\main\AndroidManifest.xml:33:17-76
48-->src\main\AndroidManifest.xml:33:27-74
49            </intent-filter>
50        </activity>
51        <!--
52             Don't delete the meta-data below.
53             This is used by the Flutter tool to generate GeneratedPluginRegistrant.java
54        -->
55        <meta-data
55-->src\main\AndroidManifest.xml:38:9-40:33
56            android:name="flutterEmbedding"
56-->src\main\AndroidManifest.xml:39:13-44
57            android:value="2" />
57-->src\main\AndroidManifest.xml:40:13-30
58    </application>
59
60</manifest>